mode: atomic
github.com/UnitVectorY-Labs/isplaintextfile/isplaintextfile.go:11.44,12.25 1 49
github.com/UnitVectorY-Labs/isplaintextfile/isplaintextfile.go:12.25,14.3 1 0
github.com/UnitVectorY-Labs/isplaintextfile/isplaintextfile.go:16.2,17.24 2 49
github.com/UnitVectorY-Labs/isplaintextfile/isplaintextfile.go:17.24,21.52 2 182488
github.com/UnitVectorY-Labs/isplaintextfile/isplaintextfile.go:21.52,23.4 1 19
github.com/UnitVectorY-Labs/isplaintextfile/isplaintextfile.go:25.3,25.14 1 182469
github.com/UnitVectorY-Labs/isplaintextfile/isplaintextfile.go:27.2,27.13 1 30
github.com/UnitVectorY-Labs/isplaintextfile/isplaintextfile.go:31.60,35.6 3 42
github.com/UnitVectorY-Labs/isplaintextfile/isplaintextfile.go:35.6,37.12 2 232
github.com/UnitVectorY-Labs/isplaintextfile/isplaintextfile.go:37.12,39.4 1 190
github.com/UnitVectorY-Labs/isplaintextfile/isplaintextfile.go:40.3,40.20 1 232
github.com/UnitVectorY-Labs/isplaintextfile/isplaintextfile.go:40.20,41.9 1 42
github.com/UnitVectorY-Labs/isplaintextfile/isplaintextfile.go:43.3,43.17 1 190
github.com/UnitVectorY-Labs/isplaintextfile/isplaintextfile.go:43.17,45.4 1 0
github.com/UnitVectorY-Labs/isplaintextfile/isplaintextfile.go:48.2,48.22 1 42
github.com/UnitVectorY-Labs/isplaintextfile/isplaintextfile.go:48.22,50.3 1 0
github.com/UnitVectorY-Labs/isplaintextfile/isplaintextfile.go:51.2,51.39 1 42
github.com/UnitVectorY-Labs/isplaintextfile/isplaintextfile.go:55.39,58.2 1 7
github.com/UnitVectorY-Labs/isplaintextfile/isplaintextfile.go:61.38,63.16 2 7
github.com/UnitVectorY-Labs/isplaintextfile/isplaintextfile.go:63.16,65.3 1 0
github.com/UnitVectorY-Labs/isplaintextfile/isplaintextfile.go:66.2,68.36 2 7
github.com/UnitVectorY-Labs/isplaintextfile/isplaintextfile.go:73.56,75.16 2 14
github.com/UnitVectorY-Labs/isplaintextfile/isplaintextfile.go:75.16,77.3 1 0
github.com/UnitVectorY-Labs/isplaintextfile/isplaintextfile.go:78.2,80.16 2 14
github.com/UnitVectorY-Labs/isplaintextfile/isplaintextfile.go:80.16,82.3 1 0
github.com/UnitVectorY-Labs/isplaintextfile/isplaintextfile.go:85.2,86.45 2 14
github.com/UnitVectorY-Labs/isplaintextfile/isplaintextfile.go:90.45,92.2 1 7
github.com/UnitVectorY-Labs/isplaintextfile/isplaintextfile.go:96.63,99.16 2 14
github.com/UnitVectorY-Labs/isplaintextfile/isplaintextfile.go:99.16,101.3 1 0
github.com/UnitVectorY-Labs/isplaintextfile/isplaintextfile.go:103.2,104.45 2 14
